build/app/outputs/logs/manifest-merger-debug-report.txt
-- Merging decision tree log ---
manifest
ADDED from src\main\AndroidManifest.xml:1:1-33:12
INJECTED from src\main\AndroidManifest.xml:1:1-33:12
INJECTED from src\main\AndroidManifest.xml:1:1-33:12
INJECTED from src\main\AndroidManifest.xml:1:1-33:12
MERGED from src\main\AndroidManifest.xml:1:1-33:12
MERGED from [:qrcode_reader] AndroidManifest.xml:2:1-20:12
MERGED from [com.dlazaro66.qrcodereaderview:qrcodereaderview:2.0.2] AndroidManifest.xml:2:1-12:12
INJECTED from src\debug\AndroidManifest.xml:1:1-7:12
INJECTED from src\debug\AndroidManifest.xml:1:1-7:12
INJECTED from src\debug\AndroidManifest.xml:1:1-7:12
	package
		ADDED from src\main\AndroidManifest.xml:2:5-48
		INJECTED from src\main\AndroidManifest.xml
		INJECTED from src\debug\AndroidManifest.xml
	android:versionName
		INJECTED from src\main\AndroidManifest.xml
		ADDED from src\main\AndroidManifest.xml:1:1-33:12
		INJECTED from src\debug\AndroidManifest.xml
	android:versionCode
		INJECTED from src\main\AndroidManifest.xml
		ADDED from src\main\AndroidManifest.xml:1:1-33:12
		INJECTED from src\debug\AndroidManifest.xml
	xmlns:android
		ADDED from src\main\AndroidManifest.xml:1:11-69
application
ADDED from src\main\AndroidManifest.xml:9:5-32:19
MERGED from [:qrcode_reader] AndroidManifest.xml:13:5-18:19
MERGED from [:qrcode_reader] AndroidManifest.xml:13:5-18:19
	android:label
		ADDED from src\main\AndroidManifest.xml:11:9-44
	android:icon
		ADDED from src\main\AndroidManifest.xml:12:9-43
	android:name
		ADDED from src\main\AndroidManifest.xml:10:9-57
activity#th.co.sunteen.flutter_app_counter.MainActivity
ADDED from src\main\AndroidManifest.xml:13:9-31:20
	android:launchMode
		ADDED from src\main\AndroidManifest.xml:15:13-43
	android:hardwareAccelerated
		ADDED from src\main\AndroidManifest.xml:18:13-47
	android:windowSoftInputMode
		ADDED from src\main\AndroidManifest.xml:19:13-55
	android:configChanges
		ADDED from src\main\AndroidManifest.xml:17:13-144
	android:theme
		ADDED from src\main\AndroidManifest.xml:16:13-47
	android:name
		ADDED from src\main\AndroidManifest.xml:14:13-41
meta-data#io.flutter.app.android.SplashScreenUntilFirstFrame
ADDED from src\main\AndroidManifest.xml:24:13-26:40
	android:value
		ADDED from src\main\AndroidManifest.xml:26:17-37
	android:name
		ADDED from src\main\AndroidManifest.xml:25:17-82
intent-filter#action:name:android.intent.action.MAIN+category:name:android.intent.category.LAUNCHER
ADDED from src\main\AndroidManifest.xml:27:13-30:29
action#android.intent.action.MAIN
ADDED from src\main\AndroidManifest.xml:28:17-68
	android:name
		ADDED from src\main\AndroidManifest.xml:28:25-66
category#android.intent.category.LAUNCHER
ADDED from src\main\AndroidManifest.xml:29:17-76
	android:name
		ADDED from src\main\AndroidManifest.xml:29:27-74
uses-sdk
INJECTED from src\main\AndroidManifest.xml reason: use-sdk injection requested
INJECTED from src\main\AndroidManifest.xml
INJECTED from src\main\AndroidManifest.xml
MERGED from [:qrcode_reader] AndroidManifest.xml:7:5-9:41
MERGED from [:qrcode_reader] AndroidManifest.xml:7:5-9:41
MERGED from [com.dlazaro66.qrcodereaderview:qrcodereaderview:2.0.2] AndroidManifest.xml:8:5-10:41
MERGED from [com.dlazaro66.qrcodereaderview:qrcodereaderview:2.0.2] AndroidManifest.xml:8:5-10:41
INJECTED from src\debug\AndroidManifest.xml
INJECTED from src\debug\AndroidManifest.xml
	android:targetSdkVersion
		INJECTED from src\main\AndroidManifest.xml
		INJECTED from src\debug\AndroidManifest.xml
	android:minSdkVersion
		INJECTED from src\main\AndroidManifest.xml
		INJECTED from src\debug\AndroidManifest.xml
uses-permission#android.permission.INTERNET
ADDED from src\debug\AndroidManifest.xml:6:5-66
	android:name
		ADDED from src\debug\AndroidManifest.xml:6:22-64
uses-permission#android.permission.CAMERA
ADDED from [:qrcode_reader] AndroidManifest.xml:11:5-65
	android:name
		ADDED from [:qrcode_reader] AndroidManifest.xml:11:22-62
activity#com.matheusvillela.flutter.plugins.qrcodereader.QRScanActivity
ADDED from [:qrcode_reader] AndroidManifest.xml:14:9-17:63
	android:configChanges
		ADDED from [:qrcode_reader] AndroidManifest.xml:16:13-96
	android:theme
		ADDED from [:qrcode_reader] AndroidManifest.xml:17:13-60
	android:name
		ADDED from [:qrcode_reader] AndroidManifest.xml:15:13-90